<?xml version="1.0" encoding="UTF-8"?>
<!-- Generated by org.testng.reporters.JUnitReportReporter -->
<testsuite hostname="Archana" failures="0" tests="2" name="TempTestNg2.ToVerifyAllTab" time="53.056" errors="0" timestamp="2022-09-21T20:47:41 IST" skipped="0">
  <testcase classname="TempTestNg2.ToVerifyAllTab" name="verifyHandbagsButton" time="29.609"/>
  <system-out/>
  <testcase classname="TempTestNg2.ToVerifyAllTab" name="verifySandalsButton" time="23.447"/>
  <system-out/>
</testsuite> <!-- TempTestNg2.ToVerifyAllTab -->
