<?xml version="1.0" encoding="UTF-8"?>
<!-- Generated by org.testng.reporters.JUnitReportReporter -->
<testsuite hostname="Archana" failures="0" tests="1" name="TempTestPack.VerifySearchFunctionality" time="0.015" errors="0" timestamp="2022-09-07T14:21:00 IST" skipped="0">
  <testcase classname="TempTestPack.VerifySearchFunctionality" name="test" time="0.015"/>
  <system-out/>
</testsuite> <!-- TempTestPack.VerifySearchFunctionality -->
