<?xml version="1.0" encoding="UTF-8"?>
<!-- Generated by org.testng.reporters.JUnitReportReporter -->
<testsuite hostname="Archana" failures="0" tests="2" name="TempTestNg2.ToVerifyLogInPageOfAngel" time="13.155" errors="0" timestamp="2022-09-11T16:08:08 IST" skipped="0">
  <testcase classname="TempTestNg2.ToVerifyLogInPageOfAngel" name="toVerifyPortfolio" time="7.663"/>
  <system-out/>
  <testcase classname="TempTestNg2.ToVerifyLogInPageOfAngel" name="ToVerifyLogInFunctionality" time="5.492"/>
  <system-out/>
</testsuite> <!-- TempTestNg2.ToVerifyLogInPageOfAngel -->
