<?xml version="1.0" encoding="UTF-8"?>
<!-- Generated by org.testng.reporters.JUnitReportReporter -->
<testsuite hostname="Archana" failures="0" tests="1" name="TempTestNg2.ToVerifyInstaLogInPageWithInvalidCreditioal" time="9.197" errors="0" timestamp="2022-09-20T00:18:21 IST" skipped="0">
  <testcase classname="TempTestNg2.ToVerifyInstaLogInPageWithInvalidCreditioal" name="verifyInstaLogIn" time="9.197"/>
  <system-out/>
</testsuite> <!-- TempTestNg2.ToVerifyInstaLogInPageWithInvalidCreditioal -->
