<?xml version="1.0" encoding="UTF-8"?>
<!-- Generated by org.testng.reporters.JUnitReportReporter -->
<testsuite hostname="Archana" failures="0" tests="3" name="TempTestNg2.ToVerifyProductPage" time="147.217" errors="0" timestamp="2022-09-24T15:55:36 IST" skipped="0">
  <testcase classname="TempTestNg2.ToVerifyProductPage" name="verifyaddToCart" time="62.898"/>
  <system-out/>
  <testcase classname="TempTestNg2.ToVerifyProductPage" name="verifyBuyNowButton" time="42.225"/>
  <system-out/>
  <testcase classname="TempTestNg2.ToVerifyProductPage" name="verifyAddtoWishListButton" time="42.094"/>
  <system-out/>
</testsuite> <!-- TempTestNg2.ToVerifyProductPage -->
