<?xml version="1.0" encoding="UTF-8"?>
<!-- Generated by org.testng.reporters.JUnitReportReporter -->
<testsuite hostname="Archana" failures="0" tests="3" name="TempTestNg2.ToVerifyProductPage" time="206.236" errors="0" timestamp="2022-09-21T20:47:41 IST" skipped="0">
  <testcase classname="TempTestNg2.ToVerifyProductPage" name="verifyaddToCart" time="58.998"/>
  <system-out/>
  <testcase classname="TempTestNg2.ToVerifyProductPage" name="verifyBuyNowButton" time="79.503"/>
  <system-out/>
  <testcase classname="TempTestNg2.ToVerifyProductPage" name="verifyAddtoWishListButton" time="67.735"/>
  <system-out/>
</testsuite> <!-- TempTestNg2.ToVerifyProductPage -->
