<?xml version="1.0" encoding="UTF-8"?>
<!-- Generated by org.testng.reporters.JUnitReportReporter -->
<testsuite hostname="Archana" failures="0" tests="2" name="TempTestNg2.ToVerifyAllTab" time="54.784" errors="0" timestamp="2022-09-24T15:55:36 IST" skipped="0">
  <testcase classname="TempTestNg2.ToVerifyAllTab" name="verifySandalsButton" time="28.027"/>
  <system-out/>
  <testcase classname="TempTestNg2.ToVerifyAllTab" name="verifyHandbagsButton" time="26.757"/>
  <system-out/>
</testsuite> <!-- TempTestNg2.ToVerifyAllTab -->
