<?xml version="1.0" encoding="UTF-8"?>
<!-- Generated by org.testng.reporters.JUnitReportReporter -->
<testsuite hostname="Archana" failures="0" tests="1" name="Project1.TestNg123" time="0.040" errors="0" timestamp="2022-09-06T19:59:04 IST" skipped="0">
  <testcase classname="Project1.TestNg123" name="test" time="0.040"/>
  <system-out/>
</testsuite> <!-- Project1.TestNg123 -->
